================================================================================
交易成交記錄日誌
================================================================================
開始時間: 2026-01-16 20:43:26
================================================================================

--------------------------------------------------------------------------------
成交時間: 2026-01-16 23:33:37
持倉方向: LONG
持倉數量: 0.226
開倉價格: 94533
市場價格: 94565.845
--------------------------------------------------------------------------------

平倉時間: 2026-01-16 23:33:40
平倉價格: 94507.515
--------------------------------------------------------------------------------

--------------------------------------------------------------------------------
成交時間: 2026-01-16 23:38:40
持倉方向: SHORT
持倉數量: 0.226
開倉價格: 94642
市場價格: 94702.495
--------------------------------------------------------------------------------

平倉時間: 2026-01-16 23:38:43
平倉價格: 94708.79
--------------------------------------------------------------------------------

